<?xml version="1.0" encoding="UTF-8"?>
<testng-results ignored="0" total="1" passed="1" failed="0" skipped="0">
  <reporter-output>
  </reporter-output>
  <suite started-at="2021-09-12T04:44:10Z" name="Default suite" finished-at="2021-09-12T04:44:10Z" duration-ms="52">
    <groups>
    </groups>
    <test started-at="2021-09-12T04:44:10Z" name="Default test" finished-at="2021-09-12T04:44:10Z" duration-ms="52">
      <class name="TestCases.LoginTest">
        <test-method signature="NagivateToHome()[pri:0, instance:TestCases.LoginTest@2af004b]" started-at="2021-09-12T10:14:10Z" name="NagivateToHome" finished-at="2021-09-12T10:14:10Z" duration-ms="17" status="PASS">
          <reporter-output>
          </reporter-output>
        </test-method> <!-- NagivateToHome -->
      </class> <!-- TestCases.LoginTest -->
    </test> <!-- Default test -->
  </suite> <!-- Default suite -->
</testng-results>
